TimeQuest Timing Analyzer report for ula
Wed Sep 23 21:16:35 2020
Quartus II 64-Bit Version 13.0.1 Build 232 06/12/2013 Service Pack 1 SJ Web Edition


---------------------
; Table of Contents ;
---------------------
  1. Legal Notice
  2. TimeQuest Timing Analyzer Summary
  3. Parallel Compilation
  4. Clocks
  5. Slow Model Fmax Summary
  6. Slow Model Setup Summary
  7. Slow Model Hold Summary
  8. Slow Model Recovery Summary
  9. Slow Model Removal Summary
 10. Slow Model Minimum Pulse Width Summary
 11. Propagation Delay
 12. Minimum Propagation Delay
 13. Fast Model Setup Summary
 14. Fast Model Hold Summary
 15. Fast Model Recovery Summary
 16. Fast Model Removal Summary
 17. Fast Model Minimum Pulse Width Summary
 18. Propagation Delay
 19. Minimum Propagation Delay
 20. Multicorner Timing Analysis Summary
 21. Progagation Delay
 22. Minimum Progagation Delay
 23. Clock Transfers
 24. Report TCCS
 25. Report RSKM
 26. Unconstrained Paths
 27. TimeQuest Timing Analyzer Messages



----------------
; Legal Notice ;
----------------
Copyright (C) 1991-2013 Altera Corporation
Your use of Altera Corporation's design tools, logic functions 
and other software and tools, and its AMPP partner logic 
functions, and any output files from any of the foregoing 
(including device programming or simulation files), and any 
associated documentation or information are expressly subject 
to the terms and conditions of the Altera Program License 
Subscription Agreement, Altera MegaCore Function License 
Agreement, or other applicable license agreement, including, 
without limitation, that your use is for the sole purpose of 
programming logic devices manufactured by Altera and sold by 
Altera or its authorized distributors.  Please refer to the 
applicable agreement for further details.



+----------------------------------------------------------------------------------------+
; TimeQuest Timing Analyzer Summary                                                      ;
+--------------------+-------------------------------------------------------------------+
; Quartus II Version ; Version 13.0.1 Build 232 06/12/2013 Service Pack 1 SJ Web Edition ;
; Revision Name      ; ula                                                               ;
; Device Family      ; Cyclone II                                                        ;
; Device Name        ; EP2C35F672C6                                                      ;
; Timing Models      ; Final                                                             ;
; Delay Model        ; Combined                                                          ;
; Rise/Fall Delays   ; Unavailable                                                       ;
+--------------------+-------------------------------------------------------------------+


Parallel compilation was disabled, but you have multiple processors available. Enable parallel compilation to reduce compilation time.
+-------------------------------------+
; Parallel Compilation                ;
+----------------------------+--------+
; Processors                 ; Number ;
+----------------------------+--------+
; Number detected on machine ; 6      ;
; Maximum allowed            ; 1      ;
+----------------------------+--------+


----------
; Clocks ;
----------
No clocks to report.


---------------------------
; Slow Model Fmax Summary ;
---------------------------
No paths to report.


----------------------------
; Slow Model Setup Summary ;
----------------------------
No paths to report.


---------------------------
; Slow Model Hold Summary ;
---------------------------
No paths to report.


-------------------------------
; Slow Model Recovery Summary ;
-------------------------------
No paths to report.


------------------------------
; Slow Model Removal Summary ;
------------------------------
No paths to report.


------------------------------------------
; Slow Model Minimum Pulse Width Summary ;
------------------------------------------
No paths to report.


+--------------------------------------------------------------+
; Propagation Delay                                            ;
+------------+-------------+--------+--------+--------+--------+
; Input Port ; Output Port ; RR     ; RF     ; FR     ; FF     ;
+------------+-------------+--------+--------+--------+--------+
; A[0]       ; S[0]        ; 8.524  ; 9.738  ; 9.738  ; 8.524  ;
; A[0]       ; S[1]        ; 9.710  ; 9.710  ; 9.710  ; 9.710  ;
; A[0]       ; S[2]        ; 10.273 ; 10.273 ; 10.273 ; 10.273 ;
; A[0]       ; S[3]        ; 9.591  ; 9.591  ; 9.591  ; 9.591  ;
; A[0]       ; S[4]        ; 9.145  ; 9.145  ; 9.145  ; 9.145  ;
; A[0]       ; S[5]        ; 9.677  ; 9.677  ; 9.677  ; 9.677  ;
; A[0]       ; S[6]        ; 9.779  ; 9.779  ; 9.779  ; 9.779  ;
; A[0]       ; S[7]        ; 9.238  ; 9.238  ; 9.238  ; 9.238  ;
; A[0]       ; cout        ; 8.897  ;        ;        ; 8.897  ;
; A[1]       ; S[0]        ;        ; 12.566 ; 12.566 ;        ;
; A[1]       ; S[1]        ; 12.216 ; 12.216 ; 12.216 ; 12.216 ;
; A[1]       ; S[2]        ; 13.050 ; 13.050 ; 13.050 ; 13.050 ;
; A[1]       ; S[3]        ; 12.597 ; 12.597 ; 12.597 ; 12.597 ;
; A[1]       ; S[4]        ; 12.151 ; 12.151 ; 12.151 ; 12.151 ;
; A[1]       ; S[5]        ; 12.571 ; 12.571 ; 12.571 ; 12.571 ;
; A[1]       ; S[6]        ; 12.556 ; 12.556 ; 12.556 ; 12.556 ;
; A[1]       ; S[7]        ; 12.015 ; 12.015 ; 12.015 ; 12.015 ;
; A[1]       ; cout        ; 11.903 ;        ;        ; 11.903 ;
; A[2]       ; S[0]        ;        ; 12.709 ; 12.709 ;        ;
; A[2]       ; S[2]        ; 12.606 ; 12.606 ; 12.606 ; 12.606 ;
; A[2]       ; S[3]        ; 12.553 ; 12.553 ; 12.553 ; 12.553 ;
; A[2]       ; S[4]        ; 12.107 ; 12.107 ; 12.107 ; 12.107 ;
; A[2]       ; S[5]        ; 12.527 ; 12.527 ; 12.527 ; 12.527 ;
; A[2]       ; S[6]        ; 12.427 ; 12.427 ; 12.427 ; 12.427 ;
; A[2]       ; S[7]        ; 11.886 ; 11.886 ; 11.886 ; 11.886 ;
; A[2]       ; cout        ; 11.859 ;        ;        ; 11.859 ;
; A[3]       ; S[0]        ;        ; 12.356 ; 12.356 ;        ;
; A[3]       ; S[3]        ; 12.107 ; 12.107 ; 12.107 ; 12.107 ;
; A[3]       ; S[4]        ; 11.977 ; 11.977 ; 11.977 ; 11.977 ;
; A[3]       ; S[5]        ; 12.459 ; 12.459 ; 12.459 ; 12.459 ;
; A[3]       ; S[6]        ; 12.561 ; 12.561 ; 12.561 ; 12.561 ;
; A[3]       ; S[7]        ; 12.020 ; 12.020 ; 12.020 ; 12.020 ;
; A[3]       ; cout        ; 11.729 ;        ;        ; 11.729 ;
; A[4]       ; S[0]        ;        ; 12.495 ; 12.495 ;        ;
; A[4]       ; S[4]        ; 11.641 ; 11.641 ; 11.641 ; 11.641 ;
; A[4]       ; S[5]        ; 12.589 ; 12.589 ; 12.589 ; 12.589 ;
; A[4]       ; S[6]        ; 12.691 ; 12.691 ; 12.691 ; 12.691 ;
; A[4]       ; S[7]        ; 12.150 ; 12.150 ; 12.150 ; 12.150 ;
; A[4]       ; cout        ; 11.718 ;        ;        ; 11.718 ;
; A[5]       ; S[0]        ;        ; 12.289 ; 12.289 ;        ;
; A[5]       ; S[5]        ; 11.621 ; 11.621 ; 11.621 ; 11.621 ;
; A[5]       ; S[6]        ; 11.887 ; 11.887 ; 11.887 ; 11.887 ;
; A[5]       ; S[7]        ; 11.346 ; 11.346 ; 11.346 ; 11.346 ;
; A[5]       ; cout        ; 11.269 ;        ;        ; 11.269 ;
; A[6]       ; S[0]        ;        ; 12.154 ; 12.154 ;        ;
; A[6]       ; S[6]        ; 11.748 ; 11.748 ; 11.748 ; 11.748 ;
; A[6]       ; S[7]        ; 11.519 ; 11.519 ; 11.519 ; 11.519 ;
; A[6]       ; cout        ; 11.447 ;        ;        ; 11.447 ;
; A[7]       ; S[0]        ;        ; 11.725 ; 11.725 ;        ;
; A[7]       ; S[7]        ; 11.396 ; 11.396 ; 11.396 ; 11.396 ;
; A[7]       ; cout        ; 11.485 ;        ;        ; 11.485 ;
; B[0]       ; S[0]        ; 12.580 ; 11.661 ; 11.661 ; 12.580 ;
; B[0]       ; S[1]        ; 13.705 ; 13.705 ; 13.705 ; 13.705 ;
; B[0]       ; S[2]        ; 14.070 ; 14.070 ; 14.070 ; 14.070 ;
; B[0]       ; S[3]        ; 14.085 ; 14.085 ; 14.085 ; 14.085 ;
; B[0]       ; S[4]        ; 13.639 ; 13.639 ; 13.639 ; 13.639 ;
; B[0]       ; S[5]        ; 14.059 ; 14.059 ; 14.059 ; 14.059 ;
; B[0]       ; S[6]        ; 13.497 ; 13.497 ; 13.497 ; 13.497 ;
; B[0]       ; S[7]        ; 13.348 ; 13.348 ; 13.348 ; 13.348 ;
; B[0]       ; cout        ; 13.391 ; 13.391 ; 13.391 ; 13.391 ;
; B[1]       ; S[0]        ; 12.519 ;        ;        ; 12.519 ;
; B[1]       ; S[1]        ; 13.382 ; 13.382 ; 13.382 ; 13.382 ;
; B[1]       ; S[2]        ; 13.747 ; 13.747 ; 13.747 ; 13.747 ;
; B[1]       ; S[3]        ; 13.855 ; 13.855 ; 13.855 ; 13.855 ;
; B[1]       ; S[4]        ; 13.409 ; 13.409 ; 13.409 ; 13.409 ;
; B[1]       ; S[5]        ; 13.829 ; 13.829 ; 13.829 ; 13.829 ;
; B[1]       ; S[6]        ; 13.267 ; 13.267 ; 13.267 ; 13.267 ;
; B[1]       ; S[7]        ; 13.321 ; 13.321 ; 13.321 ; 13.321 ;
; B[1]       ; cout        ; 13.364 ; 13.364 ; 13.364 ; 13.364 ;
; B[2]       ; S[0]        ; 12.420 ;        ;        ; 12.420 ;
; B[2]       ; S[2]        ; 13.099 ; 13.099 ; 13.099 ; 13.099 ;
; B[2]       ; S[3]        ; 13.431 ; 13.431 ; 13.431 ; 13.431 ;
; B[2]       ; S[4]        ; 13.243 ; 13.243 ; 13.243 ; 13.243 ;
; B[2]       ; S[5]        ; 13.668 ; 13.668 ; 13.668 ; 13.668 ;
; B[2]       ; S[6]        ; 13.113 ; 13.113 ; 13.113 ; 13.113 ;
; B[2]       ; S[7]        ; 13.242 ; 13.242 ; 13.242 ; 13.242 ;
; B[2]       ; cout        ; 13.285 ; 13.285 ; 13.285 ; 13.285 ;
; B[3]       ; S[0]        ; 12.610 ;        ;        ; 12.610 ;
; B[3]       ; S[3]        ; 12.979 ; 12.979 ; 12.979 ; 12.979 ;
; B[3]       ; S[4]        ; 12.853 ; 12.853 ; 12.853 ; 12.853 ;
; B[3]       ; S[5]        ; 13.588 ; 13.588 ; 13.588 ; 13.588 ;
; B[3]       ; S[6]        ; 13.033 ; 13.033 ; 13.033 ; 13.033 ;
; B[3]       ; S[7]        ; 13.162 ; 13.162 ; 13.162 ; 13.162 ;
; B[3]       ; cout        ; 13.205 ; 13.205 ; 13.205 ; 13.205 ;
; B[4]       ; S[0]        ; 12.309 ;        ;        ; 12.309 ;
; B[4]       ; S[4]        ; 12.118 ; 12.118 ; 12.118 ; 12.118 ;
; B[4]       ; S[5]        ; 12.889 ; 12.889 ; 12.889 ; 12.889 ;
; B[4]       ; S[6]        ; 12.642 ; 12.642 ; 12.642 ; 12.642 ;
; B[4]       ; S[7]        ; 12.771 ; 12.771 ; 12.771 ; 12.771 ;
; B[4]       ; cout        ; 12.814 ; 12.814 ; 12.814 ; 12.814 ;
; B[5]       ; S[0]        ; 12.263 ;        ;        ; 12.263 ;
; B[5]       ; S[5]        ; 12.804 ; 12.804 ; 12.804 ; 12.804 ;
; B[5]       ; S[6]        ; 12.836 ; 12.836 ; 12.836 ; 12.836 ;
; B[5]       ; S[7]        ; 13.002 ; 13.002 ; 13.002 ; 13.002 ;
; B[5]       ; cout        ; 13.045 ; 13.045 ; 13.045 ; 13.045 ;
; B[6]       ; S[0]        ; 12.421 ;        ;        ; 12.421 ;
; B[6]       ; S[6]        ; 12.112 ; 12.112 ; 12.112 ; 12.112 ;
; B[6]       ; S[7]        ; 12.278 ; 12.278 ; 12.278 ; 12.278 ;
; B[6]       ; cout        ; 12.433 ; 12.433 ; 12.433 ; 12.433 ;
; B[7]       ; S[0]        ; 12.022 ;        ;        ; 12.022 ;
; B[7]       ; S[7]        ; 11.644 ; 11.644 ; 11.644 ; 11.644 ;
; B[7]       ; cout        ; 12.003 ; 12.003 ; 12.003 ; 12.003 ;
; opcode[0]  ; S[0]        ; 10.855 ; 10.075 ; 10.075 ; 10.855 ;
; opcode[0]  ; S[1]        ; 11.126 ; 11.126 ; 11.126 ; 11.126 ;
; opcode[0]  ; S[2]        ; 11.549 ; 11.549 ; 11.549 ; 11.549 ;
; opcode[0]  ; S[3]        ; 10.642 ; 10.642 ; 10.642 ; 10.642 ;
; opcode[0]  ; S[4]        ; 10.308 ; 10.308 ; 10.308 ; 10.308 ;
; opcode[0]  ; S[5]        ; 11.266 ; 11.266 ; 11.266 ; 11.266 ;
; opcode[0]  ; S[6]        ; 10.765 ; 10.765 ; 10.765 ; 10.765 ;
; opcode[0]  ; S[7]        ; 11.021 ; 11.021 ; 11.021 ; 11.021 ;
; opcode[0]  ; cout        ; 9.936  ; 9.936  ; 9.936  ; 9.936  ;
; opcode[1]  ; S[0]        ; 9.586  ; 10.181 ; 10.181 ; 9.586  ;
; opcode[1]  ; S[1]        ; 11.438 ; 11.438 ; 11.438 ; 11.438 ;
; opcode[1]  ; S[2]        ; 11.562 ; 11.562 ; 11.562 ; 11.562 ;
; opcode[1]  ; S[3]        ; 10.621 ; 10.621 ; 10.621 ; 10.621 ;
; opcode[1]  ; S[4]        ; 10.589 ; 10.589 ; 10.589 ; 10.589 ;
; opcode[1]  ; S[5]        ; 11.452 ; 11.452 ; 11.452 ; 11.452 ;
; opcode[1]  ; S[6]        ; 10.782 ; 10.782 ; 10.782 ; 10.782 ;
; opcode[1]  ; S[7]        ; 11.033 ; 11.033 ; 11.033 ; 11.033 ;
; opcode[1]  ; cout        ;        ; 8.591  ; 8.591  ;        ;
; opcode[2]  ; S[0]        ; 8.115  ; 7.613  ; 7.613  ; 8.115  ;
; opcode[2]  ; S[1]        ; 7.976  ; 6.774  ; 6.774  ; 7.976  ;
; opcode[2]  ; S[2]        ; 7.971  ; 6.772  ; 6.772  ; 7.971  ;
; opcode[2]  ; S[3]        ; 7.638  ; 6.453  ; 6.453  ; 7.638  ;
; opcode[2]  ; S[4]        ; 7.466  ; 6.452  ; 6.452  ; 7.466  ;
; opcode[2]  ; S[5]        ; 8.014  ; 6.814  ; 6.814  ; 8.014  ;
; opcode[2]  ; S[6]        ; 7.972  ; 6.771  ; 6.771  ; 7.972  ;
; opcode[2]  ; S[7]        ; 7.907  ; 6.994  ; 6.994  ; 7.907  ;
; opcode[2]  ; cout        ; 7.188  ; 7.188  ; 7.188  ; 7.188  ;
+------------+-------------+--------+--------+--------+--------+


+--------------------------------------------------------------+
; Minimum Propagation Delay                                    ;
+------------+-------------+--------+--------+--------+--------+
; Input Port ; Output Port ; RR     ; RF     ; FR     ; FF     ;
+------------+-------------+--------+--------+--------+--------+
; A[0]       ; S[0]        ; 6.903  ; 6.879  ; 6.879  ; 6.903  ;
; A[0]       ; S[1]        ; 9.526  ; 9.526  ; 9.526  ; 9.526  ;
; A[0]       ; S[2]        ; 9.576  ; 9.576  ; 9.576  ; 9.576  ;
; A[0]       ; S[3]        ; 8.698  ; 8.698  ; 8.698  ; 8.698  ;
; A[0]       ; S[4]        ; 9.044  ; 9.044  ; 9.044  ; 9.044  ;
; A[0]       ; S[5]        ; 9.565  ; 9.565  ; 9.565  ; 9.565  ;
; A[0]       ; S[6]        ; 9.003  ; 9.003  ; 9.003  ; 9.003  ;
; A[0]       ; S[7]        ; 8.854  ; 8.854  ; 8.854  ; 8.854  ;
; A[0]       ; cout        ; 8.806  ;        ;        ; 8.806  ;
; A[1]       ; S[0]        ;        ; 12.566 ; 12.566 ;        ;
; A[1]       ; S[1]        ; 9.858  ; 8.893  ; 8.893  ; 9.858  ;
; A[1]       ; S[2]        ; 12.582 ; 12.582 ; 12.582 ; 12.582 ;
; A[1]       ; S[3]        ; 11.475 ; 11.475 ; 11.475 ; 11.475 ;
; A[1]       ; S[4]        ; 11.821 ; 11.821 ; 11.821 ; 11.821 ;
; A[1]       ; S[5]        ; 12.454 ; 12.454 ; 12.454 ; 12.454 ;
; A[1]       ; S[6]        ; 12.009 ; 12.009 ; 12.009 ; 12.009 ;
; A[1]       ; S[7]        ; 11.860 ; 11.860 ; 11.860 ; 11.860 ;
; A[1]       ; cout        ; 11.583 ;        ;        ; 11.583 ;
; A[2]       ; S[0]        ;        ; 12.709 ; 12.709 ;        ;
; A[2]       ; S[2]        ; 9.812  ; 8.867  ; 8.867  ; 9.812  ;
; A[2]       ; S[3]        ; 11.346 ; 11.346 ; 11.346 ; 11.346 ;
; A[2]       ; S[4]        ; 11.692 ; 11.692 ; 11.692 ; 11.692 ;
; A[2]       ; S[5]        ; 12.325 ; 12.325 ; 12.325 ; 12.325 ;
; A[2]       ; S[6]        ; 11.965 ; 11.965 ; 11.965 ; 11.965 ;
; A[2]       ; S[7]        ; 11.816 ; 11.816 ; 11.816 ; 11.816 ;
; A[2]       ; cout        ; 11.454 ;        ;        ; 11.454 ;
; A[3]       ; S[0]        ;        ; 12.356 ; 12.356 ;        ;
; A[3]       ; S[3]        ; 9.764  ; 8.991  ; 8.991  ; 9.764  ;
; A[3]       ; S[4]        ; 11.826 ; 11.826 ; 11.826 ; 11.826 ;
; A[3]       ; S[5]        ; 12.397 ; 12.397 ; 12.397 ; 12.397 ;
; A[3]       ; S[6]        ; 11.835 ; 11.835 ; 11.835 ; 11.835 ;
; A[3]       ; S[7]        ; 11.686 ; 11.686 ; 11.686 ; 11.686 ;
; A[3]       ; cout        ; 11.588 ;        ;        ; 11.588 ;
; A[4]       ; S[0]        ;        ; 12.495 ; 12.495 ;        ;
; A[4]       ; S[4]        ; 9.965  ; 9.606  ; 9.606  ; 9.965  ;
; A[4]       ; S[5]        ; 12.276 ; 12.276 ; 12.276 ; 12.276 ;
; A[4]       ; S[6]        ; 11.714 ; 11.714 ; 11.714 ; 11.714 ;
; A[4]       ; S[7]        ; 11.565 ; 11.565 ; 11.565 ; 11.565 ;
; A[4]       ; cout        ; 11.608 ;        ;        ; 11.608 ;
; A[5]       ; S[0]        ;        ; 12.289 ; 12.289 ;        ;
; A[5]       ; S[5]        ; 9.915  ; 8.944  ; 8.944  ; 9.915  ;
; A[5]       ; S[6]        ; 11.375 ; 11.375 ; 11.375 ; 11.375 ;
; A[5]       ; S[7]        ; 11.226 ; 11.226 ; 11.226 ; 11.226 ;
; A[5]       ; cout        ; 10.914 ;        ;        ; 10.914 ;
; A[6]       ; S[0]        ;        ; 12.154 ; 12.154 ;        ;
; A[6]       ; S[6]        ; 9.396  ; 9.115  ; 9.115  ; 9.396  ;
; A[6]       ; S[7]        ; 11.404 ; 11.404 ; 11.404 ; 11.404 ;
; A[6]       ; cout        ; 11.087 ;        ;        ; 11.087 ;
; A[7]       ; S[0]        ;        ; 11.725 ; 11.725 ;        ;
; A[7]       ; S[7]        ; 11.127 ; 9.571  ; 9.571  ; 11.127 ;
; A[7]       ; cout        ; 11.280 ;        ;        ; 11.280 ;
; B[0]       ; S[0]        ; 9.253  ; 11.423 ; 11.423 ; 9.253  ;
; B[0]       ; S[1]        ; 12.667 ; 12.667 ; 12.667 ; 12.667 ;
; B[0]       ; S[2]        ; 12.717 ; 12.717 ; 12.717 ; 12.717 ;
; B[0]       ; S[3]        ; 11.708 ; 11.708 ; 11.708 ; 11.708 ;
; B[0]       ; S[4]        ; 12.054 ; 12.054 ; 12.054 ; 12.054 ;
; B[0]       ; S[5]        ; 12.687 ; 12.687 ; 12.687 ; 12.687 ;
; B[0]       ; S[6]        ; 12.144 ; 12.144 ; 12.144 ; 12.144 ;
; B[0]       ; S[7]        ; 11.995 ; 11.995 ; 11.995 ; 11.995 ;
; B[0]       ; cout        ; 11.816 ; 13.082 ; 13.082 ; 11.816 ;
; B[1]       ; S[0]        ; 12.519 ;        ;        ; 12.519 ;
; B[1]       ; S[1]        ; 9.826  ; 12.152 ; 12.152 ; 9.826  ;
; B[1]       ; S[2]        ; 13.035 ; 13.035 ; 13.035 ; 13.035 ;
; B[1]       ; S[3]        ; 11.460 ; 11.460 ; 11.460 ; 11.460 ;
; B[1]       ; S[4]        ; 11.806 ; 11.806 ; 11.806 ; 11.806 ;
; B[1]       ; S[5]        ; 12.439 ; 12.439 ; 12.439 ; 12.439 ;
; B[1]       ; S[6]        ; 12.541 ; 12.541 ; 12.541 ; 12.541 ;
; B[1]       ; S[7]        ; 12.000 ; 12.000 ; 12.000 ; 12.000 ;
; B[1]       ; cout        ; 11.568 ; 13.068 ; 13.068 ; 11.568 ;
; B[2]       ; S[0]        ; 12.420 ;        ;        ; 12.420 ;
; B[2]       ; S[2]        ; 9.654  ; 12.777 ; 12.777 ; 9.654  ;
; B[2]       ; S[3]        ; 11.514 ; 11.514 ; 11.514 ; 11.514 ;
; B[2]       ; S[4]        ; 11.860 ; 11.860 ; 11.860 ; 11.860 ;
; B[2]       ; S[5]        ; 12.493 ; 12.493 ; 12.493 ; 12.493 ;
; B[2]       ; S[6]        ; 12.595 ; 12.595 ; 12.595 ; 12.595 ;
; B[2]       ; S[7]        ; 12.054 ; 12.054 ; 12.054 ; 12.054 ;
; B[2]       ; cout        ; 11.622 ; 12.737 ; 12.737 ; 11.622 ;
; B[3]       ; S[0]        ; 12.610 ;        ;        ; 12.610 ;
; B[3]       ; S[3]        ; 10.027 ; 11.120 ; 11.120 ; 10.027 ;
; B[3]       ; S[4]        ; 11.782 ; 11.782 ; 11.782 ; 11.782 ;
; B[3]       ; S[5]        ; 12.415 ; 12.415 ; 12.415 ; 12.415 ;
; B[3]       ; S[6]        ; 12.517 ; 12.517 ; 12.517 ; 12.517 ;
; B[3]       ; S[7]        ; 11.976 ; 11.976 ; 11.976 ; 11.976 ;
; B[3]       ; cout        ; 11.544 ; 12.600 ; 12.600 ; 11.544 ;
; B[4]       ; S[0]        ; 12.309 ;        ;        ; 12.309 ;
; B[4]       ; S[4]        ; 9.667  ; 11.178 ; 11.178 ; 9.667  ;
; B[4]       ; S[5]        ; 12.123 ; 12.123 ; 12.123 ; 12.123 ;
; B[4]       ; S[6]        ; 12.225 ; 12.225 ; 12.225 ; 12.225 ;
; B[4]       ; S[7]        ; 11.684 ; 11.684 ; 11.684 ; 11.684 ;
; B[4]       ; cout        ; 11.252 ; 12.185 ; 12.185 ; 11.252 ;
; B[5]       ; S[0]        ; 12.263 ;        ;        ; 12.263 ;
; B[5]       ; S[5]        ; 9.751  ; 11.792 ; 11.792 ; 9.751  ;
; B[5]       ; S[6]        ; 12.209 ; 12.209 ; 12.209 ; 12.209 ;
; B[5]       ; S[7]        ; 11.668 ; 11.668 ; 11.668 ; 11.668 ;
; B[5]       ; cout        ; 11.236 ; 12.451 ; 12.451 ; 11.236 ;
; B[6]       ; S[0]        ; 12.421 ;        ;        ; 12.421 ;
; B[6]       ; S[6]        ; 9.802  ; 11.766 ; 11.766 ; 9.802  ;
; B[6]       ; S[7]        ; 11.540 ; 11.540 ; 11.540 ; 11.540 ;
; B[6]       ; cout        ; 11.108 ; 12.321 ; 12.321 ; 11.108 ;
; B[7]       ; S[0]        ; 12.022 ;        ;        ; 12.022 ;
; B[7]       ; S[7]        ; 10.887 ; 10.887 ; 10.887 ; 10.887 ;
; B[7]       ; cout        ; 11.312 ; 12.003 ; 12.003 ; 11.312 ;
; opcode[0]  ; S[0]        ; 10.075 ; 9.964  ; 9.964  ; 10.075 ;
; opcode[0]  ; S[1]        ; 11.126 ; 10.491 ; 10.491 ; 11.126 ;
; opcode[0]  ; S[2]        ; 11.549 ; 10.486 ; 10.486 ; 11.549 ;
; opcode[0]  ; S[3]        ; 10.642 ; 10.153 ; 10.153 ; 10.642 ;
; opcode[0]  ; S[4]        ; 10.308 ; 9.981  ; 9.981  ; 10.308 ;
; opcode[0]  ; S[5]        ; 11.266 ; 10.529 ; 10.529 ; 11.266 ;
; opcode[0]  ; S[6]        ; 10.765 ; 10.487 ; 10.487 ; 10.765 ;
; opcode[0]  ; S[7]        ; 11.021 ; 10.422 ; 10.422 ; 11.021 ;
; opcode[0]  ; cout        ; 9.936  ; 9.936  ; 9.936  ; 9.936  ;
; opcode[1]  ; S[0]        ; 9.586  ; 8.589  ; 8.589  ; 9.586  ;
; opcode[1]  ; S[1]        ; 9.577  ; 9.577  ; 9.577  ; 9.577  ;
; opcode[1]  ; S[2]        ; 9.581  ; 9.581  ; 9.581  ; 9.581  ;
; opcode[1]  ; S[3]        ; 9.926  ; 9.926  ; 9.926  ; 9.926  ;
; opcode[1]  ; S[4]        ; 10.104 ; 10.001 ; 10.001 ; 10.104 ;
; opcode[1]  ; S[5]        ; 9.622  ; 9.622  ; 9.622  ; 9.622  ;
; opcode[1]  ; S[6]        ; 9.300  ; 9.300  ; 9.300  ; 9.300  ;
; opcode[1]  ; S[7]        ; 10.368 ; 10.368 ; 10.368 ; 10.368 ;
; opcode[1]  ; cout        ;        ; 8.591  ; 8.591  ;        ;
; opcode[2]  ; S[0]        ; 7.225  ; 6.526  ; 6.526  ; 7.225  ;
; opcode[2]  ; S[1]        ; 7.976  ; 6.774  ; 6.774  ; 7.976  ;
; opcode[2]  ; S[2]        ; 7.971  ; 6.772  ; 6.772  ; 7.971  ;
; opcode[2]  ; S[3]        ; 7.638  ; 6.453  ; 6.453  ; 7.638  ;
; opcode[2]  ; S[4]        ; 7.466  ; 6.452  ; 6.452  ; 7.466  ;
; opcode[2]  ; S[5]        ; 8.014  ; 6.814  ; 6.814  ; 8.014  ;
; opcode[2]  ; S[6]        ; 7.972  ; 6.771  ; 6.771  ; 7.972  ;
; opcode[2]  ; S[7]        ; 7.907  ; 6.994  ; 6.994  ; 7.907  ;
; opcode[2]  ; cout        ; 7.188  ; 7.188  ; 7.188  ; 7.188  ;
+------------+-------------+--------+--------+--------+--------+


----------------------------
; Fast Model Setup Summary ;
----------------------------
No paths to report.


---------------------------
; Fast Model Hold Summary ;
---------------------------
No paths to report.


-------------------------------
; Fast Model Recovery Summary ;
-------------------------------
No paths to report.


------------------------------
; Fast Model Removal Summary ;
------------------------------
No paths to report.


------------------------------------------
; Fast Model Minimum Pulse Width Summary ;
------------------------------------------
No paths to report.


+----------------------------------------------------------+
; Propagation Delay                                        ;
+------------+-------------+-------+-------+-------+-------+
; Input Port ; Output Port ; RR    ; RF    ; FR    ; FF    ;
+------------+-------------+-------+-------+-------+-------+
; A[0]       ; S[0]        ; 4.185 ; 4.730 ; 4.730 ; 4.185 ;
; A[0]       ; S[1]        ; 4.692 ; 4.692 ; 4.692 ; 4.692 ;
; A[0]       ; S[2]        ; 4.958 ; 4.958 ; 4.958 ; 4.958 ;
; A[0]       ; S[3]        ; 4.654 ; 4.654 ; 4.654 ; 4.654 ;
; A[0]       ; S[4]        ; 4.471 ; 4.471 ; 4.471 ; 4.471 ;
; A[0]       ; S[5]        ; 4.723 ; 4.723 ; 4.723 ; 4.723 ;
; A[0]       ; S[6]        ; 4.752 ; 4.752 ; 4.752 ; 4.752 ;
; A[0]       ; S[7]        ; 4.601 ; 4.601 ; 4.601 ; 4.601 ;
; A[0]       ; cout        ; 4.368 ;       ;       ; 4.368 ;
; A[1]       ; S[0]        ;       ; 6.606 ; 6.606 ;       ;
; A[1]       ; S[1]        ; 6.440 ; 6.440 ; 6.440 ; 6.440 ;
; A[1]       ; S[2]        ; 6.794 ; 6.794 ; 6.794 ; 6.794 ;
; A[1]       ; S[3]        ; 6.600 ; 6.600 ; 6.600 ; 6.600 ;
; A[1]       ; S[4]        ; 6.417 ; 6.417 ; 6.417 ; 6.417 ;
; A[1]       ; S[5]        ; 6.608 ; 6.608 ; 6.608 ; 6.608 ;
; A[1]       ; S[6]        ; 6.588 ; 6.588 ; 6.588 ; 6.588 ;
; A[1]       ; S[7]        ; 6.437 ; 6.437 ; 6.437 ; 6.437 ;
; A[1]       ; cout        ; 6.314 ;       ;       ; 6.314 ;
; A[2]       ; S[0]        ;       ; 6.668 ; 6.668 ;       ;
; A[2]       ; S[2]        ; 6.631 ; 6.631 ; 6.631 ; 6.631 ;
; A[2]       ; S[3]        ; 6.589 ; 6.589 ; 6.589 ; 6.589 ;
; A[2]       ; S[4]        ; 6.406 ; 6.406 ; 6.406 ; 6.406 ;
; A[2]       ; S[5]        ; 6.597 ; 6.597 ; 6.597 ; 6.597 ;
; A[2]       ; S[6]        ; 6.530 ; 6.530 ; 6.530 ; 6.530 ;
; A[2]       ; S[7]        ; 6.379 ; 6.379 ; 6.379 ; 6.379 ;
; A[2]       ; cout        ; 6.303 ;       ;       ; 6.303 ;
; A[3]       ; S[0]        ;       ; 6.498 ; 6.498 ;       ;
; A[3]       ; S[3]        ; 6.407 ; 6.407 ; 6.407 ; 6.407 ;
; A[3]       ; S[4]        ; 6.327 ; 6.327 ; 6.327 ; 6.327 ;
; A[3]       ; S[5]        ; 6.559 ; 6.559 ; 6.559 ; 6.559 ;
; A[3]       ; S[6]        ; 6.588 ; 6.588 ; 6.588 ; 6.588 ;
; A[3]       ; S[7]        ; 6.437 ; 6.437 ; 6.437 ; 6.437 ;
; A[3]       ; cout        ; 6.224 ;       ;       ; 6.224 ;
; A[4]       ; S[0]        ;       ; 6.546 ; 6.546 ;       ;
; A[4]       ; S[4]        ; 6.193 ; 6.193 ; 6.193 ; 6.193 ;
; A[4]       ; S[5]        ; 6.594 ; 6.594 ; 6.594 ; 6.594 ;
; A[4]       ; S[6]        ; 6.623 ; 6.623 ; 6.623 ; 6.623 ;
; A[4]       ; S[7]        ; 6.472 ; 6.472 ; 6.472 ; 6.472 ;
; A[4]       ; cout        ; 6.205 ;       ;       ; 6.205 ;
; A[5]       ; S[0]        ;       ; 6.481 ; 6.481 ;       ;
; A[5]       ; S[5]        ; 6.208 ; 6.208 ; 6.208 ; 6.208 ;
; A[5]       ; S[6]        ; 6.286 ; 6.286 ; 6.286 ; 6.286 ;
; A[5]       ; S[7]        ; 6.135 ; 6.135 ; 6.135 ; 6.135 ;
; A[5]       ; cout        ; 6.017 ;       ;       ; 6.017 ;
; A[6]       ; S[0]        ;       ; 6.404 ; 6.404 ;       ;
; A[6]       ; S[6]        ; 6.232 ; 6.232 ; 6.232 ; 6.232 ;
; A[6]       ; S[7]        ; 6.184 ; 6.184 ; 6.184 ; 6.184 ;
; A[6]       ; cout        ; 6.070 ;       ;       ; 6.070 ;
; A[7]       ; S[0]        ;       ; 6.254 ; 6.254 ;       ;
; A[7]       ; S[7]        ; 6.185 ; 6.185 ; 6.185 ; 6.185 ;
; A[7]       ; cout        ; 6.108 ;       ;       ; 6.108 ;
; B[0]       ; S[0]        ; 6.602 ; 6.192 ; 6.192 ; 6.602 ;
; B[0]       ; S[1]        ; 7.047 ; 7.047 ; 7.047 ; 7.047 ;
; B[0]       ; S[2]        ; 7.197 ; 7.197 ; 7.197 ; 7.197 ;
; B[0]       ; S[3]        ; 7.209 ; 7.209 ; 7.209 ; 7.209 ;
; B[0]       ; S[4]        ; 7.026 ; 7.026 ; 7.026 ; 7.026 ;
; B[0]       ; S[5]        ; 7.217 ; 7.217 ; 7.217 ; 7.217 ;
; B[0]       ; S[6]        ; 6.967 ; 6.967 ; 6.967 ; 6.967 ;
; B[0]       ; S[7]        ; 6.985 ; 6.985 ; 6.985 ; 6.985 ;
; B[0]       ; cout        ; 6.923 ; 6.923 ; 6.923 ; 6.923 ;
; B[1]       ; S[0]        ; 6.588 ;       ;       ; 6.588 ;
; B[1]       ; S[1]        ; 6.951 ; 6.951 ; 6.951 ; 6.951 ;
; B[1]       ; S[2]        ; 7.101 ; 7.101 ; 7.101 ; 7.101 ;
; B[1]       ; S[3]        ; 7.113 ; 7.113 ; 7.113 ; 7.113 ;
; B[1]       ; S[4]        ; 6.930 ; 6.930 ; 6.930 ; 6.930 ;
; B[1]       ; S[5]        ; 7.121 ; 7.121 ; 7.121 ; 7.121 ;
; B[1]       ; S[6]        ; 6.871 ; 6.871 ; 6.871 ; 6.871 ;
; B[1]       ; S[7]        ; 6.980 ; 6.980 ; 6.980 ; 6.980 ;
; B[1]       ; cout        ; 6.918 ; 6.918 ; 6.918 ; 6.918 ;
; B[2]       ; S[0]        ; 6.537 ;       ;       ; 6.537 ;
; B[2]       ; S[2]        ; 6.855 ; 6.855 ; 6.855 ; 6.855 ;
; B[2]       ; S[3]        ; 6.967 ; 6.967 ; 6.967 ; 6.967 ;
; B[2]       ; S[4]        ; 6.837 ; 6.837 ; 6.837 ; 6.837 ;
; B[2]       ; S[5]        ; 7.031 ; 7.031 ; 7.031 ; 7.031 ;
; B[2]       ; S[6]        ; 6.817 ; 6.817 ; 6.817 ; 6.817 ;
; B[2]       ; S[7]        ; 6.940 ; 6.940 ; 6.940 ; 6.940 ;
; B[2]       ; cout        ; 6.878 ; 6.878 ; 6.878 ; 6.878 ;
; B[3]       ; S[0]        ; 6.614 ;       ;       ; 6.614 ;
; B[3]       ; S[3]        ; 6.762 ; 6.762 ; 6.762 ; 6.762 ;
; B[3]       ; S[4]        ; 6.687 ; 6.687 ; 6.687 ; 6.687 ;
; B[3]       ; S[5]        ; 6.983 ; 6.983 ; 6.983 ; 6.983 ;
; B[3]       ; S[6]        ; 6.769 ; 6.769 ; 6.769 ; 6.769 ;
; B[3]       ; S[7]        ; 6.892 ; 6.892 ; 6.892 ; 6.892 ;
; B[3]       ; cout        ; 6.830 ; 6.830 ; 6.830 ; 6.830 ;
; B[4]       ; S[0]        ; 6.492 ;       ;       ; 6.492 ;
; B[4]       ; S[4]        ; 6.414 ; 6.414 ; 6.414 ; 6.414 ;
; B[4]       ; S[5]        ; 6.711 ; 6.711 ; 6.711 ; 6.711 ;
; B[4]       ; S[6]        ; 6.599 ; 6.599 ; 6.599 ; 6.599 ;
; B[4]       ; S[7]        ; 6.722 ; 6.722 ; 6.722 ; 6.722 ;
; B[4]       ; cout        ; 6.660 ; 6.660 ; 6.660 ; 6.660 ;
; B[5]       ; S[0]        ; 6.472 ;       ;       ; 6.472 ;
; B[5]       ; S[5]        ; 6.708 ; 6.708 ; 6.708 ; 6.708 ;
; B[5]       ; S[6]        ; 6.695 ; 6.695 ; 6.695 ; 6.695 ;
; B[5]       ; S[7]        ; 6.818 ; 6.818 ; 6.818 ; 6.818 ;
; B[5]       ; cout        ; 6.756 ; 6.756 ; 6.756 ; 6.756 ;
; B[6]       ; S[0]        ; 6.547 ;       ;       ; 6.547 ;
; B[6]       ; S[6]        ; 6.414 ; 6.414 ; 6.414 ; 6.414 ;
; B[6]       ; S[7]        ; 6.537 ; 6.537 ; 6.537 ; 6.537 ;
; B[6]       ; cout        ; 6.484 ; 6.484 ; 6.484 ; 6.484 ;
; B[7]       ; S[0]        ; 6.389 ;       ;       ; 6.389 ;
; B[7]       ; S[7]        ; 6.288 ; 6.288 ; 6.288 ; 6.288 ;
; B[7]       ; cout        ; 6.329 ; 6.329 ; 6.329 ; 6.329 ;
; opcode[0]  ; S[0]        ; 5.838 ; 5.502 ; 5.502 ; 5.838 ;
; opcode[0]  ; S[1]        ; 5.978 ; 5.978 ; 5.978 ; 5.978 ;
; opcode[0]  ; S[2]        ; 6.173 ; 6.173 ; 6.173 ; 6.173 ;
; opcode[0]  ; S[3]        ; 5.764 ; 5.764 ; 5.764 ; 5.764 ;
; opcode[0]  ; S[4]        ; 5.630 ; 5.630 ; 5.630 ; 5.630 ;
; opcode[0]  ; S[5]        ; 6.055 ; 6.055 ; 6.055 ; 6.055 ;
; opcode[0]  ; S[6]        ; 5.823 ; 5.823 ; 5.823 ; 5.823 ;
; opcode[0]  ; S[7]        ; 6.002 ; 6.002 ; 6.002 ; 6.002 ;
; opcode[0]  ; cout        ; 5.448 ; 5.448 ; 5.448 ; 5.448 ;
; opcode[1]  ; S[0]        ; 5.315 ; 5.551 ; 5.551 ; 5.315 ;
; opcode[1]  ; S[1]        ; 6.129 ; 6.129 ; 6.129 ; 6.129 ;
; opcode[1]  ; S[2]        ; 6.183 ; 6.183 ; 6.183 ; 6.183 ;
; opcode[1]  ; S[3]        ; 5.769 ; 5.769 ; 5.769 ; 5.769 ;
; opcode[1]  ; S[4]        ; 5.764 ; 5.764 ; 5.764 ; 5.764 ;
; opcode[1]  ; S[5]        ; 6.150 ; 6.150 ; 6.150 ; 6.150 ;
; opcode[1]  ; S[6]        ; 5.836 ; 5.836 ; 5.836 ; 5.836 ;
; opcode[1]  ; S[7]        ; 6.015 ; 6.015 ; 6.015 ; 6.015 ;
; opcode[1]  ; cout        ;       ; 4.881 ; 4.881 ;       ;
; opcode[2]  ; S[0]        ; 3.999 ; 3.797 ; 3.797 ; 3.999 ;
; opcode[2]  ; S[1]        ; 3.964 ; 3.438 ; 3.438 ; 3.964 ;
; opcode[2]  ; S[2]        ; 3.978 ; 3.455 ; 3.455 ; 3.978 ;
; opcode[2]  ; S[3]        ; 3.836 ; 3.320 ; 3.320 ; 3.836 ;
; opcode[2]  ; S[4]        ; 3.758 ; 3.320 ; 3.320 ; 3.758 ;
; opcode[2]  ; S[5]        ; 4.003 ; 3.478 ; 3.478 ; 4.003 ;
; opcode[2]  ; S[6]        ; 3.979 ; 3.452 ; 3.452 ; 3.979 ;
; opcode[2]  ; S[7]        ; 4.006 ; 3.612 ; 3.612 ; 4.006 ;
; opcode[2]  ; cout        ; 3.609 ; 3.609 ; 3.609 ; 3.609 ;
+------------+-------------+-------+-------+-------+-------+


+----------------------------------------------------------+
; Minimum Propagation Delay                                ;
+------------+-------------+-------+-------+-------+-------+
; Input Port ; Output Port ; RR    ; RF    ; FR    ; FF    ;
+------------+-------------+-------+-------+-------+-------+
; A[0]       ; S[0]        ; 3.486 ; 3.471 ; 3.471 ; 3.486 ;
; A[0]       ; S[1]        ; 4.597 ; 4.597 ; 4.597 ; 4.597 ;
; A[0]       ; S[2]        ; 4.642 ; 4.642 ; 4.642 ; 4.642 ;
; A[0]       ; S[3]        ; 4.271 ; 4.271 ; 4.271 ; 4.271 ;
; A[0]       ; S[4]        ; 4.427 ; 4.427 ; 4.427 ; 4.427 ;
; A[0]       ; S[5]        ; 4.662 ; 4.662 ; 4.662 ; 4.662 ;
; A[0]       ; S[6]        ; 4.412 ; 4.412 ; 4.412 ; 4.412 ;
; A[0]       ; S[7]        ; 4.430 ; 4.430 ; 4.430 ; 4.430 ;
; A[0]       ; cout        ; 4.334 ;       ;       ; 4.334 ;
; A[1]       ; S[0]        ;       ; 6.606 ; 6.606 ;       ;
; A[1]       ; S[1]        ; 5.423 ; 5.013 ; 5.013 ; 5.423 ;
; A[1]       ; S[2]        ; 6.588 ; 6.588 ; 6.588 ; 6.588 ;
; A[1]       ; S[3]        ; 6.107 ; 6.107 ; 6.107 ; 6.107 ;
; A[1]       ; S[4]        ; 6.263 ; 6.263 ; 6.263 ; 6.263 ;
; A[1]       ; S[5]        ; 6.559 ; 6.559 ; 6.559 ; 6.559 ;
; A[1]       ; S[6]        ; 6.358 ; 6.358 ; 6.358 ; 6.358 ;
; A[1]       ; S[7]        ; 6.376 ; 6.376 ; 6.376 ; 6.376 ;
; A[1]       ; cout        ; 6.170 ;       ;       ; 6.170 ;
; A[2]       ; S[0]        ;       ; 6.668 ; 6.668 ;       ;
; A[2]       ; S[2]        ; 5.426 ; 5.021 ; 5.021 ; 5.426 ;
; A[2]       ; S[3]        ; 6.049 ; 6.049 ; 6.049 ; 6.049 ;
; A[2]       ; S[4]        ; 6.205 ; 6.205 ; 6.205 ; 6.205 ;
; A[2]       ; S[5]        ; 6.501 ; 6.501 ; 6.501 ; 6.501 ;
; A[2]       ; S[6]        ; 6.347 ; 6.347 ; 6.347 ; 6.347 ;
; A[2]       ; S[7]        ; 6.365 ; 6.365 ; 6.365 ; 6.365 ;
; A[2]       ; cout        ; 6.112 ;       ;       ; 6.112 ;
; A[3]       ; S[0]        ;       ; 6.498 ; 6.498 ;       ;
; A[3]       ; S[3]        ; 5.418 ; 5.066 ; 5.066 ; 5.418 ;
; A[3]       ; S[4]        ; 6.263 ; 6.263 ; 6.263 ; 6.263 ;
; A[3]       ; S[5]        ; 6.518 ; 6.518 ; 6.518 ; 6.518 ;
; A[3]       ; S[6]        ; 6.268 ; 6.268 ; 6.268 ; 6.268 ;
; A[3]       ; S[7]        ; 6.286 ; 6.286 ; 6.286 ; 6.286 ;
; A[3]       ; cout        ; 6.170 ;       ;       ; 6.170 ;
; A[4]       ; S[0]        ;       ; 6.546 ; 6.546 ;       ;
; A[4]       ; S[4]        ; 5.484 ; 5.335 ; 5.335 ; 5.484 ;
; A[4]       ; S[5]        ; 6.450 ; 6.450 ; 6.450 ; 6.450 ;
; A[4]       ; S[6]        ; 6.200 ; 6.200 ; 6.200 ; 6.200 ;
; A[4]       ; S[7]        ; 6.218 ; 6.218 ; 6.218 ; 6.218 ;
; A[4]       ; cout        ; 6.156 ;       ;       ; 6.156 ;
; A[5]       ; S[0]        ;       ; 6.481 ; 6.481 ;       ;
; A[5]       ; S[5]        ; 5.484 ; 5.071 ; 5.071 ; 5.484 ;
; A[5]       ; S[6]        ; 6.061 ; 6.061 ; 6.061 ; 6.061 ;
; A[5]       ; S[7]        ; 6.079 ; 6.079 ; 6.079 ; 6.079 ;
; A[5]       ; cout        ; 5.868 ;       ;       ; 5.868 ;
; A[6]       ; S[0]        ;       ; 6.404 ; 6.404 ;       ;
; A[6]       ; S[6]        ; 5.228 ; 5.133 ; 5.133 ; 5.228 ;
; A[6]       ; S[7]        ; 6.132 ; 6.132 ; 6.132 ; 6.132 ;
; A[6]       ; cout        ; 5.917 ;       ;       ; 5.917 ;
; A[7]       ; S[0]        ;       ; 6.254 ; 6.254 ;       ;
; A[7]       ; S[7]        ; 6.065 ; 5.401 ; 5.401 ; 6.065 ;
; A[7]       ; cout        ; 6.021 ;       ;       ; 6.021 ;
; B[0]       ; S[0]        ; 5.142 ; 6.069 ; 6.069 ; 5.142 ;
; B[0]       ; S[1]        ; 6.609 ; 6.609 ; 6.609 ; 6.609 ;
; B[0]       ; S[2]        ; 6.654 ; 6.654 ; 6.654 ; 6.654 ;
; B[0]       ; S[3]        ; 6.214 ; 6.214 ; 6.214 ; 6.214 ;
; B[0]       ; S[4]        ; 6.370 ; 6.370 ; 6.370 ; 6.370 ;
; B[0]       ; S[5]        ; 6.666 ; 6.666 ; 6.666 ; 6.666 ;
; B[0]       ; S[6]        ; 6.424 ; 6.424 ; 6.424 ; 6.424 ;
; B[0]       ; S[7]        ; 6.442 ; 6.442 ; 6.442 ; 6.442 ;
; B[0]       ; cout        ; 6.277 ; 6.765 ; 6.765 ; 6.277 ;
; B[1]       ; S[0]        ; 6.588 ;       ;       ; 6.588 ;
; B[1]       ; S[1]        ; 5.421 ; 6.439 ; 6.439 ; 5.421 ;
; B[1]       ; S[2]        ; 6.804 ; 6.804 ; 6.804 ; 6.804 ;
; B[1]       ; S[3]        ; 6.117 ; 6.117 ; 6.117 ; 6.117 ;
; B[1]       ; S[4]        ; 6.273 ; 6.273 ; 6.273 ; 6.273 ;
; B[1]       ; S[5]        ; 6.569 ; 6.569 ; 6.569 ; 6.569 ;
; B[1]       ; S[6]        ; 6.598 ; 6.598 ; 6.598 ; 6.598 ;
; B[1]       ; S[7]        ; 6.447 ; 6.447 ; 6.447 ; 6.447 ;
; B[1]       ; cout        ; 6.180 ; 6.774 ; 6.774 ; 6.180 ;
; B[2]       ; S[0]        ; 6.537 ;       ;       ; 6.537 ;
; B[2]       ; S[2]        ; 5.347 ; 6.706 ; 6.706 ; 5.347 ;
; B[2]       ; S[3]        ; 6.122 ; 6.122 ; 6.122 ; 6.122 ;
; B[2]       ; S[4]        ; 6.278 ; 6.278 ; 6.278 ; 6.278 ;
; B[2]       ; S[5]        ; 6.574 ; 6.574 ; 6.574 ; 6.574 ;
; B[2]       ; S[6]        ; 6.603 ; 6.603 ; 6.603 ; 6.603 ;
; B[2]       ; S[7]        ; 6.452 ; 6.452 ; 6.452 ; 6.452 ;
; B[2]       ; cout        ; 6.185 ; 6.681 ; 6.681 ; 6.185 ;
; B[3]       ; S[0]        ; 6.614 ;       ;       ; 6.614 ;
; B[3]       ; S[3]        ; 5.517 ; 5.975 ; 5.975 ; 5.517 ;
; B[3]       ; S[4]        ; 6.234 ; 6.234 ; 6.234 ; 6.234 ;
; B[3]       ; S[5]        ; 6.530 ; 6.530 ; 6.530 ; 6.530 ;
; B[3]       ; S[6]        ; 6.559 ; 6.559 ; 6.559 ; 6.559 ;
; B[3]       ; S[7]        ; 6.408 ; 6.408 ; 6.408 ; 6.408 ;
; B[3]       ; cout        ; 6.141 ; 6.581 ; 6.581 ; 6.141 ;
; B[4]       ; S[0]        ; 6.492 ;       ;       ; 6.492 ;
; B[4]       ; S[4]        ; 5.354 ; 6.002 ; 6.002 ; 5.354 ;
; B[4]       ; S[5]        ; 6.401 ; 6.401 ; 6.401 ; 6.401 ;
; B[4]       ; S[6]        ; 6.430 ; 6.430 ; 6.430 ; 6.430 ;
; B[4]       ; S[7]        ; 6.279 ; 6.279 ; 6.279 ; 6.279 ;
; B[4]       ; cout        ; 6.012 ; 6.416 ; 6.416 ; 6.012 ;
; B[5]       ; S[0]        ; 6.472 ;       ;       ; 6.472 ;
; B[5]       ; S[5]        ; 5.407 ; 6.284 ; 6.284 ; 5.407 ;
; B[5]       ; S[6]        ; 6.418 ; 6.418 ; 6.418 ; 6.418 ;
; B[5]       ; S[7]        ; 6.267 ; 6.267 ; 6.267 ; 6.267 ;
; B[5]       ; cout        ; 6.000 ; 6.519 ; 6.519 ; 6.000 ;
; B[6]       ; S[0]        ; 6.547 ;       ;       ; 6.547 ;
; B[6]       ; S[6]        ; 5.439 ; 6.260 ; 6.260 ; 5.439 ;
; B[6]       ; S[7]        ; 6.214 ; 6.214 ; 6.214 ; 6.214 ;
; B[6]       ; cout        ; 5.947 ; 6.475 ; 6.475 ; 5.947 ;
; B[7]       ; S[0]        ; 6.389 ;       ;       ; 6.389 ;
; B[7]       ; S[7]        ; 5.966 ; 5.966 ; 5.966 ; 5.966 ;
; B[7]       ; cout        ; 6.036 ; 6.329 ; 6.329 ; 6.036 ;
; opcode[0]  ; S[0]        ; 5.502 ; 5.471 ; 5.471 ; 5.502 ;
; opcode[0]  ; S[1]        ; 5.978 ; 5.714 ; 5.714 ; 5.978 ;
; opcode[0]  ; S[2]        ; 6.173 ; 5.728 ; 5.728 ; 6.173 ;
; opcode[0]  ; S[3]        ; 5.764 ; 5.586 ; 5.586 ; 5.764 ;
; opcode[0]  ; S[4]        ; 5.630 ; 5.508 ; 5.508 ; 5.630 ;
; opcode[0]  ; S[5]        ; 6.055 ; 5.753 ; 5.753 ; 6.055 ;
; opcode[0]  ; S[6]        ; 5.823 ; 5.729 ; 5.729 ; 5.823 ;
; opcode[0]  ; S[7]        ; 6.002 ; 5.756 ; 5.756 ; 6.002 ;
; opcode[0]  ; cout        ; 5.448 ; 5.448 ; 5.448 ; 5.448 ;
; opcode[1]  ; S[0]        ; 5.315 ; 4.879 ; 4.879 ; 5.315 ;
; opcode[1]  ; S[1]        ; 5.320 ; 5.320 ; 5.320 ; 5.320 ;
; opcode[1]  ; S[2]        ; 5.339 ; 5.339 ; 5.339 ; 5.339 ;
; opcode[1]  ; S[3]        ; 5.481 ; 5.481 ; 5.481 ; 5.481 ;
; opcode[1]  ; S[4]        ; 5.561 ; 5.514 ; 5.514 ; 5.561 ;
; opcode[1]  ; S[5]        ; 5.361 ; 5.361 ; 5.361 ; 5.361 ;
; opcode[1]  ; S[6]        ; 5.212 ; 5.212 ; 5.212 ; 5.212 ;
; opcode[1]  ; S[7]        ; 5.736 ; 5.736 ; 5.736 ; 5.736 ;
; opcode[1]  ; cout        ;       ; 4.881 ; 4.881 ;       ;
; opcode[2]  ; S[0]        ; 3.617 ; 3.324 ; 3.324 ; 3.617 ;
; opcode[2]  ; S[1]        ; 3.964 ; 3.438 ; 3.438 ; 3.964 ;
; opcode[2]  ; S[2]        ; 3.978 ; 3.455 ; 3.455 ; 3.978 ;
; opcode[2]  ; S[3]        ; 3.836 ; 3.320 ; 3.320 ; 3.836 ;
; opcode[2]  ; S[4]        ; 3.758 ; 3.320 ; 3.320 ; 3.758 ;
; opcode[2]  ; S[5]        ; 4.003 ; 3.478 ; 3.478 ; 4.003 ;
; opcode[2]  ; S[6]        ; 3.979 ; 3.452 ; 3.452 ; 3.979 ;
; opcode[2]  ; S[7]        ; 4.006 ; 3.612 ; 3.612 ; 4.006 ;
; opcode[2]  ; cout        ; 3.609 ; 3.609 ; 3.609 ; 3.609 ;
+------------+-------------+-------+-------+-------+-------+


+----------------------------------------------------------------------------+
; Multicorner Timing Analysis Summary                                        ;
+------------------+-------+------+----------+---------+---------------------+
; Clock            ; Setup ; Hold ; Recovery ; Removal ; Minimum Pulse Width ;
+------------------+-------+------+----------+---------+---------------------+
; Worst-case Slack ; N/A   ; N/A  ; N/A      ; N/A     ; N/A                 ;
; Design-wide TNS  ; 0.0   ; 0.0  ; 0.0      ; 0.0     ; 0.0                 ;
+------------------+-------+------+----------+---------+---------------------+


+--------------------------------------------------------------+
; Progagation Delay                                            ;
+------------+-------------+--------+--------+--------+--------+
; Input Port ; Output Port ; RR     ; RF     ; FR     ; FF     ;
+------------+-------------+--------+--------+--------+--------+
; A[0]       ; S[0]        ; 8.524  ; 9.738  ; 9.738  ; 8.524  ;
; A[0]       ; S[1]        ; 9.710  ; 9.710  ; 9.710  ; 9.710  ;
; A[0]       ; S[2]        ; 10.273 ; 10.273 ; 10.273 ; 10.273 ;
; A[0]       ; S[3]        ; 9.591  ; 9.591  ; 9.591  ; 9.591  ;
; A[0]       ; S[4]        ; 9.145  ; 9.145  ; 9.145  ; 9.145  ;
; A[0]       ; S[5]        ; 9.677  ; 9.677  ; 9.677  ; 9.677  ;
; A[0]       ; S[6]        ; 9.779  ; 9.779  ; 9.779  ; 9.779  ;
; A[0]       ; S[7]        ; 9.238  ; 9.238  ; 9.238  ; 9.238  ;
; A[0]       ; cout        ; 8.897  ;        ;        ; 8.897  ;
; A[1]       ; S[0]        ;        ; 12.566 ; 12.566 ;        ;
; A[1]       ; S[1]        ; 12.216 ; 12.216 ; 12.216 ; 12.216 ;
; A[1]       ; S[2]        ; 13.050 ; 13.050 ; 13.050 ; 13.050 ;
; A[1]       ; S[3]        ; 12.597 ; 12.597 ; 12.597 ; 12.597 ;
; A[1]       ; S[4]        ; 12.151 ; 12.151 ; 12.151 ; 12.151 ;
; A[1]       ; S[5]        ; 12.571 ; 12.571 ; 12.571 ; 12.571 ;
; A[1]       ; S[6]        ; 12.556 ; 12.556 ; 12.556 ; 12.556 ;
; A[1]       ; S[7]        ; 12.015 ; 12.015 ; 12.015 ; 12.015 ;
; A[1]       ; cout        ; 11.903 ;        ;        ; 11.903 ;
; A[2]       ; S[0]        ;        ; 12.709 ; 12.709 ;        ;
; A[2]       ; S[2]        ; 12.606 ; 12.606 ; 12.606 ; 12.606 ;
; A[2]       ; S[3]        ; 12.553 ; 12.553 ; 12.553 ; 12.553 ;
; A[2]       ; S[4]        ; 12.107 ; 12.107 ; 12.107 ; 12.107 ;
; A[2]       ; S[5]        ; 12.527 ; 12.527 ; 12.527 ; 12.527 ;
; A[2]       ; S[6]        ; 12.427 ; 12.427 ; 12.427 ; 12.427 ;
; A[2]       ; S[7]        ; 11.886 ; 11.886 ; 11.886 ; 11.886 ;
; A[2]       ; cout        ; 11.859 ;        ;        ; 11.859 ;
; A[3]       ; S[0]        ;        ; 12.356 ; 12.356 ;        ;
; A[3]       ; S[3]        ; 12.107 ; 12.107 ; 12.107 ; 12.107 ;
; A[3]       ; S[4]        ; 11.977 ; 11.977 ; 11.977 ; 11.977 ;
; A[3]       ; S[5]        ; 12.459 ; 12.459 ; 12.459 ; 12.459 ;
; A[3]       ; S[6]        ; 12.561 ; 12.561 ; 12.561 ; 12.561 ;
; A[3]       ; S[7]        ; 12.020 ; 12.020 ; 12.020 ; 12.020 ;
; A[3]       ; cout        ; 11.729 ;        ;        ; 11.729 ;
; A[4]       ; S[0]        ;        ; 12.495 ; 12.495 ;        ;
; A[4]       ; S[4]        ; 11.641 ; 11.641 ; 11.641 ; 11.641 ;
; A[4]       ; S[5]        ; 12.589 ; 12.589 ; 12.589 ; 12.589 ;
; A[4]       ; S[6]        ; 12.691 ; 12.691 ; 12.691 ; 12.691 ;
; A[4]       ; S[7]        ; 12.150 ; 12.150 ; 12.150 ; 12.150 ;
; A[4]       ; cout        ; 11.718 ;        ;        ; 11.718 ;
; A[5]       ; S[0]        ;        ; 12.289 ; 12.289 ;        ;
; A[5]       ; S[5]        ; 11.621 ; 11.621 ; 11.621 ; 11.621 ;
; A[5]       ; S[6]        ; 11.887 ; 11.887 ; 11.887 ; 11.887 ;
; A[5]       ; S[7]        ; 11.346 ; 11.346 ; 11.346 ; 11.346 ;
; A[5]       ; cout        ; 11.269 ;        ;        ; 11.269 ;
; A[6]       ; S[0]        ;        ; 12.154 ; 12.154 ;        ;
; A[6]       ; S[6]        ; 11.748 ; 11.748 ; 11.748 ; 11.748 ;
; A[6]       ; S[7]        ; 11.519 ; 11.519 ; 11.519 ; 11.519 ;
; A[6]       ; cout        ; 11.447 ;        ;        ; 11.447 ;
; A[7]       ; S[0]        ;        ; 11.725 ; 11.725 ;        ;
; A[7]       ; S[7]        ; 11.396 ; 11.396 ; 11.396 ; 11.396 ;
; A[7]       ; cout        ; 11.485 ;        ;        ; 11.485 ;
; B[0]       ; S[0]        ; 12.580 ; 11.661 ; 11.661 ; 12.580 ;
; B[0]       ; S[1]        ; 13.705 ; 13.705 ; 13.705 ; 13.705 ;
; B[0]       ; S[2]        ; 14.070 ; 14.070 ; 14.070 ; 14.070 ;
; B[0]       ; S[3]        ; 14.085 ; 14.085 ; 14.085 ; 14.085 ;
; B[0]       ; S[4]        ; 13.639 ; 13.639 ; 13.639 ; 13.639 ;
; B[0]       ; S[5]        ; 14.059 ; 14.059 ; 14.059 ; 14.059 ;
; B[0]       ; S[6]        ; 13.497 ; 13.497 ; 13.497 ; 13.497 ;
; B[0]       ; S[7]        ; 13.348 ; 13.348 ; 13.348 ; 13.348 ;
; B[0]       ; cout        ; 13.391 ; 13.391 ; 13.391 ; 13.391 ;
; B[1]       ; S[0]        ; 12.519 ;        ;        ; 12.519 ;
; B[1]       ; S[1]        ; 13.382 ; 13.382 ; 13.382 ; 13.382 ;
; B[1]       ; S[2]        ; 13.747 ; 13.747 ; 13.747 ; 13.747 ;
; B[1]       ; S[3]        ; 13.855 ; 13.855 ; 13.855 ; 13.855 ;
; B[1]       ; S[4]        ; 13.409 ; 13.409 ; 13.409 ; 13.409 ;
; B[1]       ; S[5]        ; 13.829 ; 13.829 ; 13.829 ; 13.829 ;
; B[1]       ; S[6]        ; 13.267 ; 13.267 ; 13.267 ; 13.267 ;
; B[1]       ; S[7]        ; 13.321 ; 13.321 ; 13.321 ; 13.321 ;
; B[1]       ; cout        ; 13.364 ; 13.364 ; 13.364 ; 13.364 ;
; B[2]       ; S[0]        ; 12.420 ;        ;        ; 12.420 ;
; B[2]       ; S[2]        ; 13.099 ; 13.099 ; 13.099 ; 13.099 ;
; B[2]       ; S[3]        ; 13.431 ; 13.431 ; 13.431 ; 13.431 ;
; B[2]       ; S[4]        ; 13.243 ; 13.243 ; 13.243 ; 13.243 ;
; B[2]       ; S[5]        ; 13.668 ; 13.668 ; 13.668 ; 13.668 ;
; B[2]       ; S[6]        ; 13.113 ; 13.113 ; 13.113 ; 13.113 ;
; B[2]       ; S[7]        ; 13.242 ; 13.242 ; 13.242 ; 13.242 ;
; B[2]       ; cout        ; 13.285 ; 13.285 ; 13.285 ; 13.285 ;
; B[3]       ; S[0]        ; 12.610 ;        ;        ; 12.610 ;
; B[3]       ; S[3]        ; 12.979 ; 12.979 ; 12.979 ; 12.979 ;
; B[3]       ; S[4]        ; 12.853 ; 12.853 ; 12.853 ; 12.853 ;
; B[3]       ; S[5]        ; 13.588 ; 13.588 ; 13.588 ; 13.588 ;
; B[3]       ; S[6]        ; 13.033 ; 13.033 ; 13.033 ; 13.033 ;
; B[3]       ; S[7]        ; 13.162 ; 13.162 ; 13.162 ; 13.162 ;
; B[3]       ; cout        ; 13.205 ; 13.205 ; 13.205 ; 13.205 ;
; B[4]       ; S[0]        ; 12.309 ;        ;        ; 12.309 ;
; B[4]       ; S[4]        ; 12.118 ; 12.118 ; 12.118 ; 12.118 ;
; B[4]       ; S[5]        ; 12.889 ; 12.889 ; 12.889 ; 12.889 ;
; B[4]       ; S[6]        ; 12.642 ; 12.642 ; 12.642 ; 12.642 ;
; B[4]       ; S[7]        ; 12.771 ; 12.771 ; 12.771 ; 12.771 ;
; B[4]       ; cout        ; 12.814 ; 12.814 ; 12.814 ; 12.814 ;
; B[5]       ; S[0]        ; 12.263 ;        ;        ; 12.263 ;
; B[5]       ; S[5]        ; 12.804 ; 12.804 ; 12.804 ; 12.804 ;
; B[5]       ; S[6]        ; 12.836 ; 12.836 ; 12.836 ; 12.836 ;
; B[5]       ; S[7]        ; 13.002 ; 13.002 ; 13.002 ; 13.002 ;
; B[5]       ; cout        ; 13.045 ; 13.045 ; 13.045 ; 13.045 ;
; B[6]       ; S[0]        ; 12.421 ;        ;        ; 12.421 ;
; B[6]       ; S[6]        ; 12.112 ; 12.112 ; 12.112 ; 12.112 ;
; B[6]       ; S[7]        ; 12.278 ; 12.278 ; 12.278 ; 12.278 ;
; B[6]       ; cout        ; 12.433 ; 12.433 ; 12.433 ; 12.433 ;
; B[7]       ; S[0]        ; 12.022 ;        ;        ; 12.022 ;
; B[7]       ; S[7]        ; 11.644 ; 11.644 ; 11.644 ; 11.644 ;
; B[7]       ; cout        ; 12.003 ; 12.003 ; 12.003 ; 12.003 ;
; opcode[0]  ; S[0]        ; 10.855 ; 10.075 ; 10.075 ; 10.855 ;
; opcode[0]  ; S[1]        ; 11.126 ; 11.126 ; 11.126 ; 11.126 ;
; opcode[0]  ; S[2]        ; 11.549 ; 11.549 ; 11.549 ; 11.549 ;
; opcode[0]  ; S[3]        ; 10.642 ; 10.642 ; 10.642 ; 10.642 ;
; opcode[0]  ; S[4]        ; 10.308 ; 10.308 ; 10.308 ; 10.308 ;
; opcode[0]  ; S[5]        ; 11.266 ; 11.266 ; 11.266 ; 11.266 ;
; opcode[0]  ; S[6]        ; 10.765 ; 10.765 ; 10.765 ; 10.765 ;
; opcode[0]  ; S[7]        ; 11.021 ; 11.021 ; 11.021 ; 11.021 ;
; opcode[0]  ; cout        ; 9.936  ; 9.936  ; 9.936  ; 9.936  ;
; opcode[1]  ; S[0]        ; 9.586  ; 10.181 ; 10.181 ; 9.586  ;
; opcode[1]  ; S[1]        ; 11.438 ; 11.438 ; 11.438 ; 11.438 ;
; opcode[1]  ; S[2]        ; 11.562 ; 11.562 ; 11.562 ; 11.562 ;
; opcode[1]  ; S[3]        ; 10.621 ; 10.621 ; 10.621 ; 10.621 ;
; opcode[1]  ; S[4]        ; 10.589 ; 10.589 ; 10.589 ; 10.589 ;
; opcode[1]  ; S[5]        ; 11.452 ; 11.452 ; 11.452 ; 11.452 ;
; opcode[1]  ; S[6]        ; 10.782 ; 10.782 ; 10.782 ; 10.782 ;
; opcode[1]  ; S[7]        ; 11.033 ; 11.033 ; 11.033 ; 11.033 ;
; opcode[1]  ; cout        ;        ; 8.591  ; 8.591  ;        ;
; opcode[2]  ; S[0]        ; 8.115  ; 7.613  ; 7.613  ; 8.115  ;
; opcode[2]  ; S[1]        ; 7.976  ; 6.774  ; 6.774  ; 7.976  ;
; opcode[2]  ; S[2]        ; 7.971  ; 6.772  ; 6.772  ; 7.971  ;
; opcode[2]  ; S[3]        ; 7.638  ; 6.453  ; 6.453  ; 7.638  ;
; opcode[2]  ; S[4]        ; 7.466  ; 6.452  ; 6.452  ; 7.466  ;
; opcode[2]  ; S[5]        ; 8.014  ; 6.814  ; 6.814  ; 8.014  ;
; opcode[2]  ; S[6]        ; 7.972  ; 6.771  ; 6.771  ; 7.972  ;
; opcode[2]  ; S[7]        ; 7.907  ; 6.994  ; 6.994  ; 7.907  ;
; opcode[2]  ; cout        ; 7.188  ; 7.188  ; 7.188  ; 7.188  ;
+------------+-------------+--------+--------+--------+--------+


+----------------------------------------------------------+
; Minimum Progagation Delay                                ;
+------------+-------------+-------+-------+-------+-------+
; Input Port ; Output Port ; RR    ; RF    ; FR    ; FF    ;
+------------+-------------+-------+-------+-------+-------+
; A[0]       ; S[0]        ; 3.486 ; 3.471 ; 3.471 ; 3.486 ;
; A[0]       ; S[1]        ; 4.597 ; 4.597 ; 4.597 ; 4.597 ;
; A[0]       ; S[2]        ; 4.642 ; 4.642 ; 4.642 ; 4.642 ;
; A[0]       ; S[3]        ; 4.271 ; 4.271 ; 4.271 ; 4.271 ;
; A[0]       ; S[4]        ; 4.427 ; 4.427 ; 4.427 ; 4.427 ;
; A[0]       ; S[5]        ; 4.662 ; 4.662 ; 4.662 ; 4.662 ;
; A[0]       ; S[6]        ; 4.412 ; 4.412 ; 4.412 ; 4.412 ;
; A[0]       ; S[7]        ; 4.430 ; 4.430 ; 4.430 ; 4.430 ;
; A[0]       ; cout        ; 4.334 ;       ;       ; 4.334 ;
; A[1]       ; S[0]        ;       ; 6.606 ; 6.606 ;       ;
; A[1]       ; S[1]        ; 5.423 ; 5.013 ; 5.013 ; 5.423 ;
; A[1]       ; S[2]        ; 6.588 ; 6.588 ; 6.588 ; 6.588 ;
; A[1]       ; S[3]        ; 6.107 ; 6.107 ; 6.107 ; 6.107 ;
; A[1]       ; S[4]        ; 6.263 ; 6.263 ; 6.263 ; 6.263 ;
; A[1]       ; S[5]        ; 6.559 ; 6.559 ; 6.559 ; 6.559 ;
; A[1]       ; S[6]        ; 6.358 ; 6.358 ; 6.358 ; 6.358 ;
; A[1]       ; S[7]        ; 6.376 ; 6.376 ; 6.376 ; 6.376 ;
; A[1]       ; cout        ; 6.170 ;       ;       ; 6.170 ;
; A[2]       ; S[0]        ;       ; 6.668 ; 6.668 ;       ;
; A[2]       ; S[2]        ; 5.426 ; 5.021 ; 5.021 ; 5.426 ;
; A[2]       ; S[3]        ; 6.049 ; 6.049 ; 6.049 ; 6.049 ;
; A[2]       ; S[4]        ; 6.205 ; 6.205 ; 6.205 ; 6.205 ;
; A[2]       ; S[5]        ; 6.501 ; 6.501 ; 6.501 ; 6.501 ;
; A[2]       ; S[6]        ; 6.347 ; 6.347 ; 6.347 ; 6.347 ;
; A[2]       ; S[7]        ; 6.365 ; 6.365 ; 6.365 ; 6.365 ;
; A[2]       ; cout        ; 6.112 ;       ;       ; 6.112 ;
; A[3]       ; S[0]        ;       ; 6.498 ; 6.498 ;       ;
; A[3]       ; S[3]        ; 5.418 ; 5.066 ; 5.066 ; 5.418 ;
; A[3]       ; S[4]        ; 6.263 ; 6.263 ; 6.263 ; 6.263 ;
; A[3]       ; S[5]        ; 6.518 ; 6.518 ; 6.518 ; 6.518 ;
; A[3]       ; S[6]        ; 6.268 ; 6.268 ; 6.268 ; 6.268 ;
; A[3]       ; S[7]        ; 6.286 ; 6.286 ; 6.286 ; 6.286 ;
; A[3]       ; cout        ; 6.170 ;       ;       ; 6.170 ;
; A[4]       ; S[0]        ;       ; 6.546 ; 6.546 ;       ;
; A[4]       ; S[4]        ; 5.484 ; 5.335 ; 5.335 ; 5.484 ;
; A[4]       ; S[5]        ; 6.450 ; 6.450 ; 6.450 ; 6.450 ;
; A[4]       ; S[6]        ; 6.200 ; 6.200 ; 6.200 ; 6.200 ;
; A[4]       ; S[7]        ; 6.218 ; 6.218 ; 6.218 ; 6.218 ;
; A[4]       ; cout        ; 6.156 ;       ;       ; 6.156 ;
; A[5]       ; S[0]        ;       ; 6.481 ; 6.481 ;       ;
; A[5]       ; S[5]        ; 5.484 ; 5.071 ; 5.071 ; 5.484 ;
; A[5]       ; S[6]        ; 6.061 ; 6.061 ; 6.061 ; 6.061 ;
; A[5]       ; S[7]        ; 6.079 ; 6.079 ; 6.079 ; 6.079 ;
; A[5]       ; cout        ; 5.868 ;       ;       ; 5.868 ;
; A[6]       ; S[0]        ;       ; 6.404 ; 6.404 ;       ;
; A[6]       ; S[6]        ; 5.228 ; 5.133 ; 5.133 ; 5.228 ;
; A[6]       ; S[7]        ; 6.132 ; 6.132 ; 6.132 ; 6.132 ;
; A[6]       ; cout        ; 5.917 ;       ;       ; 5.917 ;
; A[7]       ; S[0]        ;       ; 6.254 ; 6.254 ;       ;
; A[7]       ; S[7]        ; 6.065 ; 5.401 ; 5.401 ; 6.065 ;
; A[7]       ; cout        ; 6.021 ;       ;       ; 6.021 ;
; B[0]       ; S[0]        ; 5.142 ; 6.069 ; 6.069 ; 5.142 ;
; B[0]       ; S[1]        ; 6.609 ; 6.609 ; 6.609 ; 6.609 ;
; B[0]       ; S[2]        ; 6.654 ; 6.654 ; 6.654 ; 6.654 ;
; B[0]       ; S[3]        ; 6.214 ; 6.214 ; 6.214 ; 6.214 ;
; B[0]       ; S[4]        ; 6.370 ; 6.370 ; 6.370 ; 6.370 ;
; B[0]       ; S[5]        ; 6.666 ; 6.666 ; 6.666 ; 6.666 ;
; B[0]       ; S[6]        ; 6.424 ; 6.424 ; 6.424 ; 6.424 ;
; B[0]       ; S[7]        ; 6.442 ; 6.442 ; 6.442 ; 6.442 ;
; B[0]       ; cout        ; 6.277 ; 6.765 ; 6.765 ; 6.277 ;
; B[1]       ; S[0]        ; 6.588 ;       ;       ; 6.588 ;
; B[1]       ; S[1]        ; 5.421 ; 6.439 ; 6.439 ; 5.421 ;
; B[1]       ; S[2]        ; 6.804 ; 6.804 ; 6.804 ; 6.804 ;
; B[1]       ; S[3]        ; 6.117 ; 6.117 ; 6.117 ; 6.117 ;
; B[1]       ; S[4]        ; 6.273 ; 6.273 ; 6.273 ; 6.273 ;
; B[1]       ; S[5]        ; 6.569 ; 6.569 ; 6.569 ; 6.569 ;
; B[1]       ; S[6]        ; 6.598 ; 6.598 ; 6.598 ; 6.598 ;
; B[1]       ; S[7]        ; 6.447 ; 6.447 ; 6.447 ; 6.447 ;
; B[1]       ; cout        ; 6.180 ; 6.774 ; 6.774 ; 6.180 ;
; B[2]       ; S[0]        ; 6.537 ;       ;       ; 6.537 ;
; B[2]       ; S[2]        ; 5.347 ; 6.706 ; 6.706 ; 5.347 ;
; B[2]       ; S[3]        ; 6.122 ; 6.122 ; 6.122 ; 6.122 ;
; B[2]       ; S[4]        ; 6.278 ; 6.278 ; 6.278 ; 6.278 ;
; B[2]       ; S[5]        ; 6.574 ; 6.574 ; 6.574 ; 6.574 ;
; B[2]       ; S[6]        ; 6.603 ; 6.603 ; 6.603 ; 6.603 ;
; B[2]       ; S[7]        ; 6.452 ; 6.452 ; 6.452 ; 6.452 ;
; B[2]       ; cout        ; 6.185 ; 6.681 ; 6.681 ; 6.185 ;
; B[3]       ; S[0]        ; 6.614 ;       ;       ; 6.614 ;
; B[3]       ; S[3]        ; 5.517 ; 5.975 ; 5.975 ; 5.517 ;
; B[3]       ; S[4]        ; 6.234 ; 6.234 ; 6.234 ; 6.234 ;
; B[3]       ; S[5]        ; 6.530 ; 6.530 ; 6.530 ; 6.530 ;
; B[3]       ; S[6]        ; 6.559 ; 6.559 ; 6.559 ; 6.559 ;
; B[3]       ; S[7]        ; 6.408 ; 6.408 ; 6.408 ; 6.408 ;
; B[3]       ; cout        ; 6.141 ; 6.581 ; 6.581 ; 6.141 ;
; B[4]       ; S[0]        ; 6.492 ;       ;       ; 6.492 ;
; B[4]       ; S[4]        ; 5.354 ; 6.002 ; 6.002 ; 5.354 ;
; B[4]       ; S[5]        ; 6.401 ; 6.401 ; 6.401 ; 6.401 ;
; B[4]       ; S[6]        ; 6.430 ; 6.430 ; 6.430 ; 6.430 ;
; B[4]       ; S[7]        ; 6.279 ; 6.279 ; 6.279 ; 6.279 ;
; B[4]       ; cout        ; 6.012 ; 6.416 ; 6.416 ; 6.012 ;
; B[5]       ; S[0]        ; 6.472 ;       ;       ; 6.472 ;
; B[5]       ; S[5]        ; 5.407 ; 6.284 ; 6.284 ; 5.407 ;
; B[5]       ; S[6]        ; 6.418 ; 6.418 ; 6.418 ; 6.418 ;
; B[5]       ; S[7]        ; 6.267 ; 6.267 ; 6.267 ; 6.267 ;
; B[5]       ; cout        ; 6.000 ; 6.519 ; 6.519 ; 6.000 ;
; B[6]       ; S[0]        ; 6.547 ;       ;       ; 6.547 ;
; B[6]       ; S[6]        ; 5.439 ; 6.260 ; 6.260 ; 5.439 ;
; B[6]       ; S[7]        ; 6.214 ; 6.214 ; 6.214 ; 6.214 ;
; B[6]       ; cout        ; 5.947 ; 6.475 ; 6.475 ; 5.947 ;
; B[7]       ; S[0]        ; 6.389 ;       ;       ; 6.389 ;
; B[7]       ; S[7]        ; 5.966 ; 5.966 ; 5.966 ; 5.966 ;
; B[7]       ; cout        ; 6.036 ; 6.329 ; 6.329 ; 6.036 ;
; opcode[0]  ; S[0]        ; 5.502 ; 5.471 ; 5.471 ; 5.502 ;
; opcode[0]  ; S[1]        ; 5.978 ; 5.714 ; 5.714 ; 5.978 ;
; opcode[0]  ; S[2]        ; 6.173 ; 5.728 ; 5.728 ; 6.173 ;
; opcode[0]  ; S[3]        ; 5.764 ; 5.586 ; 5.586 ; 5.764 ;
; opcode[0]  ; S[4]        ; 5.630 ; 5.508 ; 5.508 ; 5.630 ;
; opcode[0]  ; S[5]        ; 6.055 ; 5.753 ; 5.753 ; 6.055 ;
; opcode[0]  ; S[6]        ; 5.823 ; 5.729 ; 5.729 ; 5.823 ;
; opcode[0]  ; S[7]        ; 6.002 ; 5.756 ; 5.756 ; 6.002 ;
; opcode[0]  ; cout        ; 5.448 ; 5.448 ; 5.448 ; 5.448 ;
; opcode[1]  ; S[0]        ; 5.315 ; 4.879 ; 4.879 ; 5.315 ;
; opcode[1]  ; S[1]        ; 5.320 ; 5.320 ; 5.320 ; 5.320 ;
; opcode[1]  ; S[2]        ; 5.339 ; 5.339 ; 5.339 ; 5.339 ;
; opcode[1]  ; S[3]        ; 5.481 ; 5.481 ; 5.481 ; 5.481 ;
; opcode[1]  ; S[4]        ; 5.561 ; 5.514 ; 5.514 ; 5.561 ;
; opcode[1]  ; S[5]        ; 5.361 ; 5.361 ; 5.361 ; 5.361 ;
; opcode[1]  ; S[6]        ; 5.212 ; 5.212 ; 5.212 ; 5.212 ;
; opcode[1]  ; S[7]        ; 5.736 ; 5.736 ; 5.736 ; 5.736 ;
; opcode[1]  ; cout        ;       ; 4.881 ; 4.881 ;       ;
; opcode[2]  ; S[0]        ; 3.617 ; 3.324 ; 3.324 ; 3.617 ;
; opcode[2]  ; S[1]        ; 3.964 ; 3.438 ; 3.438 ; 3.964 ;
; opcode[2]  ; S[2]        ; 3.978 ; 3.455 ; 3.455 ; 3.978 ;
; opcode[2]  ; S[3]        ; 3.836 ; 3.320 ; 3.320 ; 3.836 ;
; opcode[2]  ; S[4]        ; 3.758 ; 3.320 ; 3.320 ; 3.758 ;
; opcode[2]  ; S[5]        ; 4.003 ; 3.478 ; 3.478 ; 4.003 ;
; opcode[2]  ; S[6]        ; 3.979 ; 3.452 ; 3.452 ; 3.979 ;
; opcode[2]  ; S[7]        ; 4.006 ; 3.612 ; 3.612 ; 4.006 ;
; opcode[2]  ; cout        ; 3.609 ; 3.609 ; 3.609 ; 3.609 ;
+------------+-------------+-------+-------+-------+-------+


-------------------
; Clock Transfers ;
-------------------
Nothing to report.


---------------
; Report TCCS ;
---------------
No dedicated SERDES Transmitter circuitry present in device or used in design


---------------
; Report RSKM ;
---------------
No dedicated SERDES Receiver circuitry present in device or used in design


+------------------------------------------------+
; Unconstrained Paths                            ;
+---------------------------------+-------+------+
; Property                        ; Setup ; Hold ;
+---------------------------------+-------+------+
; Illegal Clocks                  ; 0     ; 0    ;
; Unconstrained Clocks            ; 0     ; 0    ;
; Unconstrained Input Ports       ; 19    ; 19   ;
; Unconstrained Input Port Paths  ; 129   ; 129  ;
; Unconstrained Output Ports      ; 9     ; 9    ;
; Unconstrained Output Port Paths ; 129   ; 129  ;
+---------------------------------+-------+------+


+------------------------------------+
; TimeQuest Timing Analyzer Messages ;
+------------------------------------+
Info: *******************************************************************
Info: Running Quartus II 64-Bit TimeQuest Timing Analyzer
    Info: Version 13.0.1 Build 232 06/12/2013 Service Pack 1 SJ Web Edition
    Info: Processing started: Wed Sep 23 21:16:35 2020
Info: Command: quartus_sta ula -c ula
Info: qsta_default_script.tcl version: #1
Warning (20028): Parallel compilation is not licensed and has been disabled
Info (21077): Low junction temperature is 0 degrees C
Info (21077): High junction temperature is 85 degrees C
Critical Warning (332012): Synopsys Design Constraints File file not found: 'ula.sdc'. A Synopsys Design Constraints File is required by the TimeQuest Timing Analyzer to get proper timing constraints. Without it, the Compiler will not properly optimize the design.
Info (332142): No user constrained base clocks found in the design. Calling "derive_clocks -period 1.0"
Info (332096): The command derive_clocks did not find any clocks to derive.  No clocks were created or changed.
Warning (332068): No clocks defined in design.
Info: Found TIMEQUEST_REPORT_SCRIPT_INCLUDE_DEFAULT_ANALYSIS = ON
Info (332159): No clocks to report
Info: Analyzing Slow Model
Info (332140): No fmax paths to report
Info (332140): No Setup paths to report
Info (332140): No Hold paths to report
Info (332140): No Recovery paths to report
Info (332140): No Removal paths to report
Info (332140): No Minimum Pulse Width paths to report
Info (332001): The selected device family is not supported by the report_metastability command.
Info: Analyzing Fast Model
Info (332142): No user constrained base clocks found in the design. Calling "derive_clocks -period 1.0"
Info (332096): The command derive_clocks did not find any clocks to derive.  No clocks were created or changed.
Warning (332068): No clocks defined in design.
Info (332140): No Setup paths to report
Info (332140): No Hold paths to report
Info (332140): No Recovery paths to report
Info (332140): No Removal paths to report
Info (332140): No Minimum Pulse Width paths to report
Info (332001): The selected device family is not supported by the report_metastability command.
Info (332102): Design is not fully constrained for setup requirements
Info (332102): Design is not fully constrained for hold requirements
Info: Quartus II 64-Bit TimeQuest Timing Analyzer was successful. 0 errors, 4 warnings
    Info: Peak virtual memory: 485 megabytes
    Info: Processing ended: Wed Sep 23 21:16:35 2020
    Info: Elapsed time: 00:00:00
    Info: Total CPU time (on all processors): 00:00:00


